2025-09-13 15:43:26,511 : INFO : root : Loading config.
2025-09-13 15:43:26,515 : INFO : YamlMultifileConfigLoader : Machine config file #1: config.yaml
2025-09-13 15:43:26,515 : INFO : ConfigProcessor : Loading config from cache: C:\Users\Jerome\AppData\Local\Temp\8f77c95db5078d254413d657f7b779dc.mpf_cache
2025-09-13 15:43:26,517 : WARNING : ConfigProcessor : Config file in cache changed: D:/Documents/GitHub/Saint-Seiya-Pinball/config\config_ball_devices.yaml
2025-09-13 15:43:26,517 : INFO : ConfigProcessor : Loading config from file D:\Documents\GitHub\mpf-zedmd\mpf\mpfconfig.yaml.
2025-09-13 15:43:26,517 : DEBUG : YAML File Interface : Loading file: D:\Documents\GitHub\mpf-zedmd\mpf\mpfconfig.yaml
2025-09-13 15:43:26,589 : INFO : ConfigProcessor : Loading config: D:\Documents\GitHub\mpf-zedmd\mpf\mpfconfig.yaml
2025-09-13 15:43:26,590 : INFO : ConfigProcessor : Loading config from file D:/Documents/GitHub/Saint-Seiya-Pinball/config\config.yaml.
2025-09-13 15:43:26,590 : DEBUG : YAML File Interface : Loading file: D:/Documents/GitHub/Saint-Seiya-Pinball/config\config.yaml
2025-09-13 15:43:26,593 : INFO : ConfigProcessor : Loading config: D:/Documents/GitHub/Saint-Seiya-Pinball/config\config.yaml
2025-09-13 15:43:26,593 : DEBUG : YAML File Interface : Loading file: D:/Documents/GitHub/Saint-Seiya-Pinball/config\config_hardware.yaml
2025-09-13 15:43:26,596 : INFO : ConfigProcessor : Loading config: D:/Documents/GitHub/Saint-Seiya-Pinball/config\config_hardware.yaml
2025-09-13 15:43:26,596 : DEBUG : YAML File Interface : Loading file: D:/Documents/GitHub/Saint-Seiya-Pinball/config\config_coils.yaml
2025-09-13 15:43:26,608 : INFO : ConfigProcessor : Loading config: D:/Documents/GitHub/Saint-Seiya-Pinball/config\config_coils.yaml
2025-09-13 15:43:26,609 : DEBUG : YAML File Interface : Loading file: D:/Documents/GitHub/Saint-Seiya-Pinball/config\config_switches.yaml
2025-09-13 15:43:26,629 : INFO : ConfigProcessor : Loading config: D:/Documents/GitHub/Saint-Seiya-Pinball/config\config_switches.yaml
2025-09-13 15:43:26,629 : DEBUG : YAML File Interface : Loading file: D:/Documents/GitHub/Saint-Seiya-Pinball/config\config_ball_devices.yaml
2025-09-13 15:43:26,633 : INFO : ConfigProcessor : Loading config: D:/Documents/GitHub/Saint-Seiya-Pinball/config\config_ball_devices.yaml
2025-09-13 15:43:26,635 : INFO : ConfigProcessor : Config file cache created: C:\Users\Jerome\AppData\Local\Temp\8f77c95db5078d254413d657f7b779dc.mpf_cache
2025-09-13 15:43:26,732 : DEBUG : YamlMultifileConfigLoader : Loading mode attract from D:\Documents\GitHub\mpf-zedmd\mpf\modes\attract\config\attract.yaml
2025-09-13 15:43:26,732 : DEBUG : YamlMultifileConfigLoader : Loading mode attract from D:\Documents\GitHub\mpf-zedmd\mpf\modes\attract\config\attract.yaml
2025-09-13 15:43:26,732 : INFO : ConfigProcessor : Loading config from cache: C:\Users\Jerome\AppData\Local\Temp\c0672e22acd3e5d10d4c417abce8bb3b.mpf_cache
2025-09-13 15:43:26,733 : DEBUG : YamlMultifileConfigLoader : Loading mode game from D:\Documents\GitHub\mpf-zedmd\mpf\modes\game\config\game.yaml
2025-09-13 15:43:26,734 : INFO : ConfigProcessor : Loading config from cache: C:\Users\Jerome\AppData\Local\Temp\3c369de03fd10a9f07e0ccf58428a36f.mpf_cache
2025-09-13 15:43:26,734 : DEBUG : YamlMultifileConfigLoader : Loading mode attract from D:\Documents\GitHub\mpf-zedmd\mpf\modes\attract\config\attract.yaml
2025-09-13 15:43:26,735 : DEBUG : YamlMultifileConfigLoader : Loading mode attract from D:\Documents\GitHub\mpf-zedmd\mpf\modes\attract\config\attract.yaml
2025-09-13 15:43:26,735 : INFO : ConfigProcessor : Loading config from cache: C:\Users\Jerome\AppData\Local\Temp\c0672e22acd3e5d10d4c417abce8bb3b.mpf_cache
2025-09-13 15:43:26,736 : DEBUG : YamlMultifileConfigLoader : Loading mode base from D:\Documents\GitHub\mpf-zedmd\mpf\modes\base\config\base.yaml
2025-09-13 15:43:26,736 : INFO : ConfigProcessor : Loading config from cache: C:\Users\Jerome\AppData\Local\Temp\517bb2d140c29bd85b0350973e0abc08.mpf_cache
2025-09-13 15:43:26,736 : DEBUG : YamlMultifileConfigLoader : Loading mode bumpers from D:\Documents\GitHub\mpf-zedmd\mpf\modes\bumpers\config\bumpers.yaml
2025-09-13 15:43:26,737 : INFO : ConfigProcessor : Loading config from cache: C:\Users\Jerome\AppData\Local\Temp\0e0e3dc4db4cf2dcc0e6c5d8ee5001db.mpf_cache
2025-09-13 15:43:26,737 : DEBUG : YamlMultifileConfigLoader : Loading mode hurryup from D:\Documents\GitHub\mpf-zedmd\mpf\modes\hurryup\config\hurryup.yaml
2025-09-13 15:43:26,737 : INFO : ConfigProcessor : Loading config from cache: C:\Users\Jerome\AppData\Local\Temp\5393657a8521bea4834dae27248a23b4.mpf_cache
2025-09-13 15:43:26,738 : DEBUG : YamlMultifileConfigLoader : Loading mode skillshot from D:\Documents\GitHub\mpf-zedmd\mpf\modes\skillshot\config\skillshot.yaml
2025-09-13 15:43:26,738 : INFO : ConfigProcessor : Loading config from cache: C:\Users\Jerome\AppData\Local\Temp\ba3e02cb64d997cb89ff92a6eb91b388.mpf_cache
2025-09-13 15:43:26,739 : DEBUG : YamlMultifileConfigLoader : Loading mode log from D:\Documents\GitHub\mpf-zedmd\mpf\modes\log\config\log.yaml
2025-09-13 15:43:26,739 : INFO : ConfigProcessor : Loading config from cache: C:\Users\Jerome\AppData\Local\Temp\4d96ce5a79c0e654e7b5d6ff9e234a93.mpf_cache
2025-09-13 15:43:26,740 : INFO : Machine : Mission Pinball Framework Core Engine v0.80.0.dev7
2025-09-13 15:43:26,741 : INFO : Machine : Command line arguments: {'no_load_cache': False, 'create_config_cache': True, 'bcp': True, 'configfile': ['config.yaml'], 'force_assets_load': False, 'platform_integration_test': False, 'jsonlogging': False, 'logfile': 'C:/Users/Jerome/AppData/Roaming/Godot/app_userdata/Saint-Seiya-Pinball/logs/mpf_2025-09-13_15.43.26.log', 'pause': False, 'production': False, 'text_ui': False, 'loglevel': 10, 'consoleloglevel': 20, 'force_platform': 'virtual', 'syslog_address': None, 'full_logfile_path': 'C:/Users/Jerome/AppData/Roaming/Godot/app_userdata/Saint-Seiya-Pinball/logs/mpf_2025-09-13_15.43.26.log'}
2025-09-13 15:43:26,741 : INFO : Machine : MPF path: D:\Documents\GitHub\mpf-zedmd\mpf
2025-09-13 15:43:26,741 : INFO : Machine : Machine path: D:/Documents/GitHub/Saint-Seiya-Pinball/
2025-09-13 15:43:26,741 : INFO : Machine : Platform: win32
2025-09-13 15:43:26,741 : INFO : Machine : Python executable location: C:\Users\Jerome\AppData\Local\Programs\Python\Python313\python.exe
2025-09-13 15:43:26,741 : INFO : Machine : Python version: 3.13.2 (64-bit)
2025-09-13 15:43:26,742 : DEBUG : asyncio : Using proactor: IocpProactor
2025-09-13 15:43:26,743 : INFO : Machine : Initializing MPF...
2025-09-13 15:43:26,750 : DEBUG : Virtual Platform : Configuring virtual hardware interface.
2025-09-13 15:43:26,859 : DEBUG : TextUi : Text UI is disabled. TUI option setting: False, Asciimatics loaded: <class 'asciimatics.scene.Scene'>
2025-09-13 15:43:26,875 : INFO : EventManager : Event: ======'machine_var_credits_string'====== Args={'value': 'FREE PLAY', 'prev_value': None, 'change': True}
2025-09-13 15:43:26,899 : INFO : EventManager : Event: ======'machine_var_master_volume'====== Args={'value': 0.5, 'prev_value': None, 'change': True}
2025-09-13 15:43:26,899 : INFO : EventManager : Event: ======'machine_var_mpf_version'====== Args={'value': 'Mission Pinball Framework v0.80.0.dev7', 'prev_value': None, 'change': True}
2025-09-13 15:43:26,899 : INFO : EventManager : Event: ======'machine_var_mpf_extended_version'====== Args={'value': 'Mission Pinball Framework v0.80.0.dev7, Config version:6, Show version: 6, BCP version:1.1', 'prev_value': None, 'change': True}
2025-09-13 15:43:26,900 : INFO : EventManager : Event: ======'machine_var_python_version'====== Args={'value': '3.13.2', 'prev_value': None, 'change': True}
2025-09-13 15:43:27,030 : INFO : EventManager : Event: ======'machine_var_platform'====== Args={'value': 'Windows-10-10.0.19045-SP0', 'prev_value': None, 'change': True}
2025-09-13 15:43:27,031 : INFO : EventManager : Event: ======'machine_var_platform_system'====== Args={'value': 'Windows', 'prev_value': None, 'change': True}
2025-09-13 15:43:27,031 : INFO : EventManager : Event: ======'machine_var_platform_release'====== Args={'value': '10', 'prev_value': None, 'change': True}
2025-09-13 15:43:27,031 : INFO : EventManager : Event: ======'machine_var_platform_version'====== Args={'value': '10.0.19045', 'prev_value': None, 'change': True}
2025-09-13 15:43:27,031 : INFO : EventManager : Event: ======'machine_var_platform_machine'====== Args={'value': 'AMD64', 'prev_value': None, 'change': True}
2025-09-13 15:43:27,031 : INFO : EventManager : Event: ======'machine_var_log_file_path'====== Args={'value': 'C:/Users/Jerome/AppData/Roaming/Godot/app_userdata/Saint-Seiya-Pinball/logs/mpf_2025-09-13_15.43.26.log', 'prev_value': None, 'change': True}
2025-09-13 15:43:27,031 : INFO : EventManager : Event: ======'init_phase_1'====== Args={}
2025-09-13 15:43:27,039 : DEBUG : ModeController : Loaded mode attract
2025-09-13 15:43:27,039 : DEBUG : ModeController : Loaded mode bumpers
2025-09-13 15:43:27,039 : DEBUG : ModeController : Loaded mode hurryup
2025-09-13 15:43:27,039 : DEBUG : ModeController : Loaded mode log
2025-09-13 15:43:27,044 : DEBUG : ModeController : Loaded mode game
2025-09-13 15:43:27,044 : DEBUG : ModeController : Loaded mode skillshot
2025-09-13 15:43:27,045 : DEBUG : ModeController : Loaded mode base
2025-09-13 15:43:27,054 : DEBUG : ball_device.bd_plunger : Configuring device with settings: '{'ball_switches': 's_plunger_lane', 'eject_coil': 'c_plunger', 'debug': True, 'mechanical_eject': True, 'player_controlled_eject_event': 'auto_launch_plunger', 'label': '%', 'tags': [], 'console_log': 'full', 'file_log': 'full', 'entrance_events': {}, 'idle_missing_ball_timeout': 5.0, 'confirm_eject_type': 'target', 'captures_from': <playfield.playfield>, 'eject_targets': [<playfield.playfield>], 'eject_timeouts': [], 'ball_missing_timeouts': [], 'ball_missing_target': <playfield.playfield>, 'confirm_eject_switch': None, 'confirm_eject_event': None, 'max_eject_attempts': 0, 'request_ball_events': {}, 'eject_events': {}, 'eject_all_events': {}, 'ball_search_order': 200, 'auto_fire_on_unexpected_ball': True, 'target_on_unexpected_ball': None}'
2025-09-13 15:43:27,059 : DEBUG : state_machine.skillshots_success : Configuring device with settings: '{'debug': True, 'states': {'start': {'label': 'Skill shots ready', 'show_when_active': {}, 'events_when_started': [], 'events_when_stopped': []}, 'skill_success': {'label': 'Skill successful', 'events_when_started': ['skill_success'], 'show_when_active': {}, 'events_when_stopped': []}, 'super_skill_success': {'label': 'Super skill successful', 'events_when_started': ['super_skill_success'], 'show_when_active': {}, 'events_when_stopped': []}, 'failed': {'label': 'Skill failed', 'events_when_started': ['skill_failed'], 'show_when_active': {}, 'events_when_stopped': []}}, 'transitions': [{'source': ['start'], 'target': 'skill_success', 'events': ['skillshots_flashing_hit'], 'events_when_transitioning': []}, {'source': ['start'], 'target': 'super_skill_success', 'events': ['super_skillshot_hit'], 'events_when_transitioning': []}, {'source': ['start'], 'target': 'failed', 'events': ['skillshots_unlit_hit', 'timer_skillshots_timeout_complete', 's_spinner_right_active'], 'events_when_transitioning': []}], 'label': '%', 'tags': [], 'console_log': 'full', 'file_log': 'full', 'persist_state': False, 'starting_state': 'start'}'
2025-09-13 15:43:27,064 : INFO : EventManager : Event: ======'init_phase_2'====== Args={}
2025-09-13 15:43:27,064 : INFO : SwitchController : Found active switch: ('1-0-2', <Platform.Virtual>) <switch.s_trough_1>
2025-09-13 15:43:27,064 : INFO : SwitchController : Found active switch: ('1-0-3', <Platform.Virtual>) <switch.s_trough_2>
2025-09-13 15:43:27,064 : INFO : SwitchController : Found active switch: ('1-0-4', <Platform.Virtual>) <switch.s_trough_3>
2025-09-13 15:43:27,067 : INFO : EventManager : Event: ======'bcp_connection_attempt'====== Args={'name': 'local_display', 'host': 'localhost', 'port': 5050}
2025-09-13 15:43:27,069 : INFO : BCPClientSocket : Connecting BCP to 'local_display' at localhost:5050...
2025-09-13 15:43:27,079 : INFO : BCPClientSocket : Connected BCP to 'local_display' localhost:5050
2025-09-13 15:43:27,079 : INFO : EventManager : Event: ======'bcp_clients_connected'====== Args={}
2025-09-13 15:43:27,079 : DEBUG : ball_device.bd_plunger : SC: Counted 0 balls. Active switches: []. Old: None
2025-09-13 15:43:27,079 : DEBUG : ball_device.bd_plunger : SC: New count 0 last: None
2025-09-13 15:43:27,079 : INFO : ball_device.bd_plunger : BCH: Initial count: 0
2025-09-13 15:43:27,080 : INFO : ball_device.bd_plunger : State: idle
2025-09-13 15:43:27,080 : DEBUG : ball_device.bd_plunger : Waiting for eject request.
2025-09-13 15:43:27,080 : INFO : ball_device.bd_trough : BCH: Initial count: 3
2025-09-13 15:43:27,080 : INFO : ball_device.bd_trough : State: idle
2025-09-13 15:43:27,080 : INFO : ball_device.bd_kickout : BCH: Initial count: 0
2025-09-13 15:43:27,081 : INFO : ball_device.bd_kickout : State: idle
2025-09-13 15:43:27,081 : INFO : ball_device.bd_scoop : BCH: Initial count: 0
2025-09-13 15:43:27,081 : INFO : ball_device.bd_scoop : State: idle
2025-09-13 15:43:27,083 : DEBUG : YAML File Interface : Loading file: D:/Documents/GitHub/Saint-Seiya-Pinball/data/audits.yaml
2025-09-13 15:43:27,110 : DEBUG : Machine : "info_lights:" section not found in machine configuration, so the InfoLights will not be used.
2025-09-13 15:43:27,113 : DEBUG : Machine : "switch_player:" section not found in machine configuration, so the SwitchPlayer will not be used.
2025-09-13 15:43:27,117 : DEBUG : Machine : "twitch_client:" section not found in machine configuration, so the TwitchBot will not be used.
2025-09-13 15:43:27,117 : DEBUG : Machine : "virtual_segment_display_connector:" section not found in machine configuration, so the VirtualSegmentDisplayConnector will not be used.
2025-09-13 15:43:27,117 : INFO : EventManager : Event: ======'init_phase_3'====== Args={}
2025-09-13 15:43:27,118 : DEBUG : ShowController : Loading show: flash
2025-09-13 15:43:27,118 : DEBUG : ShowController : Loading show: on
2025-09-13 15:43:27,118 : DEBUG : ShowController : Loading show: off
2025-09-13 15:43:27,119 : DEBUG : ShowController : Loading show: led_color
2025-09-13 15:43:27,119 : DEBUG : ShowController : Loading show: bl_color
2025-09-13 15:43:27,119 : DEBUG : ShowController : Loading show: flash_color
2025-09-13 15:43:27,119 : INFO : EventManager : Event: ======'init_phase_4'====== Args={}
2025-09-13 15:43:27,120 : DEBUG : ball_device.bd_plunger : SC: Counted 0 balls. Active switches: []. Old: 0
2025-09-13 15:43:27,120 : INFO : BallController : Initial balls found: 3
2025-09-13 15:43:27,121 : INFO : EventManager : Event: ======'machine_var_audits_events_game_ended'====== Args={'value': 10, 'prev_value': None, 'change': True}
2025-09-13 15:43:27,121 : INFO : EventManager : Event: ======'machine_var_audits_events_game_started'====== Args={'value': 269, 'prev_value': None, 'change': True}
2025-09-13 15:43:27,121 : INFO : EventManager : Event: ======'machine_var_audits_missing_switches_s_blue_target_left'====== Args={'value': 269, 'prev_value': None, 'change': True}
2025-09-13 15:43:27,121 : INFO : EventManager : Event: ======'machine_var_audits_missing_switches_s_blue_target_right'====== Args={'value': 240, 'prev_value': None, 'change': True}
2025-09-13 15:43:27,121 : INFO : EventManager : Event: ======'machine_var_audits_missing_switches_s_bumper_2'====== Args={'value': 2, 'prev_value': None, 'change': True}
2025-09-13 15:43:27,121 : INFO : EventManager : Event: ======'machine_var_audits_missing_switches_s_bumper_3'====== Args={'value': 14, 'prev_value': None, 'change': True}
2025-09-13 15:43:27,121 : INFO : EventManager : Event: ======'machine_var_audits_missing_switches_s_bumper_bottom'====== Args={'value': 96, 'prev_value': None, 'change': True}
2025-09-13 15:43:27,121 : INFO : EventManager : Event: ======'machine_var_audits_missing_switches_s_bumper_left'====== Args={'value': 110, 'prev_value': None, 'change': True}
2025-09-13 15:43:27,121 : INFO : EventManager : Event: ======'machine_var_audits_missing_switches_s_bumper_right'====== Args={'value': 39, 'prev_value': None, 'change': True}
2025-09-13 15:43:27,121 : INFO : EventManager : Event: ======'machine_var_audits_missing_switches_s_dragon_lane_1'====== Args={'value': 2, 'prev_value': None, 'change': True}
2025-09-13 15:43:27,122 : INFO : EventManager : Event: ======'machine_var_audits_missing_switches_s_dragon_lane_2'====== Args={'value': 4, 'prev_value': None, 'change': True}
2025-09-13 15:43:27,122 : INFO : EventManager : Event: ======'machine_var_audits_missing_switches_s_dragon_lane_left'====== Args={'value': 29, 'prev_value': None, 'change': True}
2025-09-13 15:43:27,122 : INFO : EventManager : Event: ======'machine_var_audits_missing_switches_s_dragon_lane_right'====== Args={'value': 29, 'prev_value': None, 'change': True}
2025-09-13 15:43:27,122 : INFO : EventManager : Event: ======'machine_var_audits_missing_switches_s_flipper_left'====== Args={'value': 16, 'prev_value': None, 'change': True}
2025-09-13 15:43:27,122 : INFO : EventManager : Event: ======'machine_var_audits_missing_switches_s_flipper_right'====== Args={'value': 79, 'prev_value': None, 'change': True}
2025-09-13 15:43:27,122 : INFO : EventManager : Event: ======'machine_var_audits_missing_switches_s_inlane_left'====== Args={'value': 269, 'prev_value': None, 'change': True}
2025-09-13 15:43:27,122 : INFO : EventManager : Event: ======'machine_var_audits_missing_switches_s_inlane_right'====== Args={'value': 240, 'prev_value': None, 'change': True}
2025-09-13 15:43:27,122 : INFO : EventManager : Event: ======'machine_var_audits_missing_switches_s_kickout'====== Args={'value': 99, 'prev_value': None, 'change': True}
2025-09-13 15:43:27,122 : INFO : EventManager : Event: ======'machine_var_audits_missing_switches_s_newton_ball_target'====== Args={'value': 29, 'prev_value': None, 'change': True}
2025-09-13 15:43:27,122 : INFO : EventManager : Event: ======'machine_var_audits_missing_switches_s_orbit_left'====== Args={'value': 269, 'prev_value': None, 'change': True}
2025-09-13 15:43:27,122 : INFO : EventManager : Event: ======'machine_var_audits_missing_switches_s_orbit_right'====== Args={'value': 29, 'prev_value': None, 'change': True}
2025-09-13 15:43:27,122 : INFO : EventManager : Event: ======'machine_var_audits_missing_switches_s_outlane_left'====== Args={'value': 269, 'prev_value': None, 'change': True}
2025-09-13 15:43:27,122 : INFO : EventManager : Event: ======'machine_var_audits_missing_switches_s_outlane_right'====== Args={'value': 269, 'prev_value': None, 'change': True}
2025-09-13 15:43:27,122 : INFO : EventManager : Event: ======'machine_var_audits_missing_switches_s_ramp_left'====== Args={'value': 269, 'prev_value': None, 'change': True}
2025-09-13 15:43:27,122 : INFO : EventManager : Event: ======'machine_var_audits_missing_switches_s_ramp_right'====== Args={'value': 37, 'prev_value': None, 'change': True}
2025-09-13 15:43:27,122 : INFO : EventManager : Event: ======'machine_var_audits_missing_switches_s_red_target_1'====== Args={'value': 269, 'prev_value': None, 'change': True}
2025-09-13 15:43:27,122 : INFO : EventManager : Event: ======'machine_var_audits_missing_switches_s_red_target_2'====== Args={'value': 269, 'prev_value': None, 'change': True}
2025-09-13 15:43:27,122 : INFO : EventManager : Event: ======'machine_var_audits_missing_switches_s_red_target_3'====== Args={'value': 87, 'prev_value': None, 'change': True}
2025-09-13 15:43:27,122 : INFO : EventManager : Event: ======'machine_var_audits_missing_switches_s_red_target_4'====== Args={'value': 240, 'prev_value': None, 'change': True}
2025-09-13 15:43:27,123 : INFO : EventManager : Event: ======'machine_var_audits_missing_switches_s_red_target_5'====== Args={'value': 87, 'prev_value': None, 'change': True}
2025-09-13 15:43:27,123 : INFO : EventManager : Event: ======'machine_var_audits_missing_switches_s_red_target_6'====== Args={'value': 240, 'prev_value': None, 'change': True}
2025-09-13 15:43:27,123 : INFO : EventManager : Event: ======'machine_var_audits_missing_switches_s_scoop_1'====== Args={'value': 257, 'prev_value': None, 'change': True}
2025-09-13 15:43:27,123 : INFO : EventManager : Event: ======'machine_var_audits_missing_switches_s_scoop_2'====== Args={'value': 257, 'prev_value': None, 'change': True}
2025-09-13 15:43:27,123 : INFO : EventManager : Event: ======'machine_var_audits_missing_switches_s_scoop_3'====== Args={'value': 269, 'prev_value': None, 'change': True}
2025-09-13 15:43:27,123 : INFO : EventManager : Event: ======'machine_var_audits_missing_switches_s_scoop_jam'====== Args={'value': 257, 'prev_value': None, 'change': True}
2025-09-13 15:43:27,123 : INFO : EventManager : Event: ======'machine_var_audits_missing_switches_s_slingshot_left'====== Args={'value': 269, 'prev_value': None, 'change': True}
2025-09-13 15:43:27,123 : INFO : EventManager : Event: ======'machine_var_audits_missing_switches_s_slingshot_right'====== Args={'value': 240, 'prev_value': None, 'change': True}
2025-09-13 15:43:27,123 : INFO : EventManager : Event: ======'machine_var_audits_missing_switches_s_spinner_left'====== Args={'value': 71, 'prev_value': None, 'change': True}
2025-09-13 15:43:27,123 : INFO : EventManager : Event: ======'machine_var_audits_missing_switches_s_spinner_right'====== Args={'value': 46, 'prev_value': None, 'change': True}
2025-09-13 15:43:27,123 : INFO : EventManager : Event: ======'machine_var_audits_missing_switches_s_start'====== Args={'value': 32, 'prev_value': None, 'change': True}
2025-09-13 15:43:27,123 : INFO : EventManager : Event: ======'machine_var_audits_missing_switches_s_temple_in'====== Args={'value': 87, 'prev_value': None, 'change': True}
2025-09-13 15:43:27,123 : INFO : EventManager : Event: ======'machine_var_audits_missing_switches_s_temple_out'====== Args={'value': 87, 'prev_value': None, 'change': True}
2025-09-13 15:43:27,123 : INFO : EventManager : Event: ======'machine_var_audits_missing_switches_s_trough_1'====== Args={'value': 27, 'prev_value': None, 'change': True}
2025-09-13 15:43:27,123 : INFO : EventManager : Event: ======'machine_var_audits_missing_switches_s_trough_2'====== Args={'value': 37, 'prev_value': None, 'change': True}
2025-09-13 15:43:27,123 : INFO : EventManager : Event: ======'machine_var_audits_missing_switches_s_trough_3'====== Args={'value': 13, 'prev_value': None, 'change': True}
2025-09-13 15:43:27,123 : INFO : EventManager : Event: ======'machine_var_audits_missing_switches_s_trough_4'====== Args={'value': 13, 'prev_value': None, 'change': True}
2025-09-13 15:43:27,123 : INFO : EventManager : Event: ======'machine_var_audits_missing_switches_s_trough_5'====== Args={'value': 269, 'prev_value': None, 'change': True}
2025-09-13 15:43:27,123 : INFO : EventManager : Event: ======'machine_var_audits_missing_switches_s_trough_jam'====== Args={'value': 269, 'prev_value': None, 'change': True}
2025-09-13 15:43:27,124 : INFO : EventManager : Event: ======'machine_var_audits_player_score'====== Args={'value': {'average': 261695, 'top': [2176963, 300000, 110000, 10000, 10000, 10000, 0, 0, 0, 0], 'total': 10}, 'prev_value': None, 'change': True}
2025-09-13 15:43:27,124 : INFO : EventManager : Event: ======'machine_var_audits_shots_bumper_1'====== Args={'value': 6, 'prev_value': None, 'change': True}
2025-09-13 15:43:27,124 : INFO : EventManager : Event: ======'machine_var_audits_shots_bumper_2'====== Args={'value': 9, 'prev_value': None, 'change': True}
2025-09-13 15:43:27,124 : INFO : EventManager : Event: ======'machine_var_audits_shots_hurryup'====== Args={'value': 32, 'prev_value': None, 'change': True}
2025-09-13 15:43:27,124 : INFO : EventManager : Event: ======'machine_var_audits_shots_kickout_left'====== Args={'value': 90, 'prev_value': None, 'change': True}
2025-09-13 15:43:27,124 : INFO : EventManager : Event: ======'machine_var_audits_shots_shot_bumper_1'====== Args={'value': 3, 'prev_value': None, 'change': True}
2025-09-13 15:43:27,124 : INFO : EventManager : Event: ======'machine_var_audits_shots_shot_bumper_bottom'====== Args={'value': 1054, 'prev_value': None, 'change': True}
2025-09-13 15:43:27,124 : INFO : EventManager : Event: ======'machine_var_audits_shots_shot_bumper_left'====== Args={'value': 741, 'prev_value': None, 'change': True}
2025-09-13 15:43:27,124 : INFO : EventManager : Event: ======'machine_var_audits_shots_shot_bumper_right'====== Args={'value': 531, 'prev_value': None, 'change': True}
2025-09-13 15:43:27,124 : INFO : EventManager : Event: ======'machine_var_audits_shots_skill_l'====== Args={'value': 22, 'prev_value': None, 'change': True}
2025-09-13 15:43:27,124 : INFO : EventManager : Event: ======'machine_var_audits_shots_skill_r'====== Args={'value': 28, 'prev_value': None, 'change': True}
2025-09-13 15:43:27,124 : INFO : EventManager : Event: ======'machine_var_audits_shots_super_skill_target'====== Args={'value': 16, 'prev_value': None, 'change': True}
2025-09-13 15:43:27,124 : INFO : EventManager : Event: ======'machine_var_audits_switches_s_blue_target_left'====== Args={'value': 0, 'prev_value': None, 'change': True}
2025-09-13 15:43:27,124 : INFO : EventManager : Event: ======'machine_var_audits_switches_s_blue_target_right'====== Args={'value': 1, 'prev_value': None, 'change': True}
2025-09-13 15:43:27,124 : INFO : EventManager : Event: ======'machine_var_audits_switches_s_bumper_1'====== Args={'value': 9, 'prev_value': None, 'change': True}
2025-09-13 15:43:27,124 : INFO : EventManager : Event: ======'machine_var_audits_switches_s_bumper_2'====== Args={'value': 9, 'prev_value': None, 'change': True}
2025-09-13 15:43:27,124 : INFO : EventManager : Event: ======'machine_var_audits_switches_s_bumper_3'====== Args={'value': 0, 'prev_value': None, 'change': True}
2025-09-13 15:43:27,124 : INFO : EventManager : Event: ======'machine_var_audits_switches_s_bumper_bottom'====== Args={'value': 1055, 'prev_value': None, 'change': True}
2025-09-13 15:43:27,124 : INFO : EventManager : Event: ======'machine_var_audits_switches_s_bumper_left'====== Args={'value': 741, 'prev_value': None, 'change': True}
2025-09-13 15:43:27,125 : INFO : EventManager : Event: ======'machine_var_audits_switches_s_bumper_right'====== Args={'value': 537, 'prev_value': None, 'change': True}
2025-09-13 15:43:27,125 : INFO : EventManager : Event: ======'machine_var_audits_switches_s_dragon_lane_1'====== Args={'value': 15, 'prev_value': None, 'change': True}
2025-09-13 15:43:27,125 : INFO : EventManager : Event: ======'machine_var_audits_switches_s_dragon_lane_2'====== Args={'value': 4, 'prev_value': None, 'change': True}
2025-09-13 15:43:27,125 : INFO : EventManager : Event: ======'machine_var_audits_switches_s_dragon_lane_left'====== Args={'value': 85, 'prev_value': None, 'change': True}
2025-09-13 15:43:27,125 : INFO : EventManager : Event: ======'machine_var_audits_switches_s_dragon_lane_right'====== Args={'value': 74, 'prev_value': None, 'change': True}
2025-09-13 15:43:27,125 : INFO : EventManager : Event: ======'machine_var_audits_switches_s_flipper_left'====== Args={'value': 87, 'prev_value': None, 'change': True}
2025-09-13 15:43:27,125 : INFO : EventManager : Event: ======'machine_var_audits_switches_s_flipper_right'====== Args={'value': 85, 'prev_value': None, 'change': True}
2025-09-13 15:43:27,125 : INFO : EventManager : Event: ======'machine_var_audits_switches_s_inlane_left'====== Args={'value': 0, 'prev_value': None, 'change': True}
2025-09-13 15:43:27,125 : INFO : EventManager : Event: ======'machine_var_audits_switches_s_inlane_right'====== Args={'value': 2, 'prev_value': None, 'change': True}
2025-09-13 15:43:27,125 : INFO : EventManager : Event: ======'machine_var_audits_switches_s_kickout'====== Args={'value': 80, 'prev_value': None, 'change': True}
2025-09-13 15:43:27,125 : INFO : EventManager : Event: ======'machine_var_audits_switches_s_kickout_left'====== Args={'value': 10, 'prev_value': None, 'change': True}
2025-09-13 15:43:27,125 : INFO : EventManager : Event: ======'machine_var_audits_switches_s_newton_ball_target'====== Args={'value': 31, 'prev_value': None, 'change': True}
2025-09-13 15:43:27,125 : INFO : EventManager : Event: ======'machine_var_audits_switches_s_orbit_left'====== Args={'value': 0, 'prev_value': None, 'change': True}
2025-09-13 15:43:27,125 : INFO : EventManager : Event: ======'machine_var_audits_switches_s_orbit_right'====== Args={'value': 24, 'prev_value': None, 'change': True}
2025-09-13 15:43:27,125 : INFO : EventManager : Event: ======'machine_var_audits_switches_s_outlane_left'====== Args={'value': 0, 'prev_value': None, 'change': True}
2025-09-13 15:43:27,125 : INFO : EventManager : Event: ======'machine_var_audits_switches_s_outlane_right'====== Args={'value': 0, 'prev_value': None, 'change': True}
2025-09-13 15:43:27,125 : INFO : EventManager : Event: ======'machine_var_audits_switches_s_plunger_lane'====== Args={'value': 308, 'prev_value': None, 'change': True}
2025-09-13 15:43:27,125 : INFO : EventManager : Event: ======'machine_var_audits_switches_s_ramp_left'====== Args={'value': 0, 'prev_value': None, 'change': True}
2025-09-13 15:43:27,125 : INFO : EventManager : Event: ======'machine_var_audits_switches_s_ramp_right'====== Args={'value': 2, 'prev_value': None, 'change': True}
2025-09-13 15:43:27,126 : INFO : EventManager : Event: ======'machine_var_audits_switches_s_red_target_1'====== Args={'value': 0, 'prev_value': None, 'change': True}
2025-09-13 15:43:27,126 : INFO : EventManager : Event: ======'machine_var_audits_switches_s_red_target_2'====== Args={'value': 0, 'prev_value': None, 'change': True}
2025-09-13 15:43:27,126 : INFO : EventManager : Event: ======'machine_var_audits_switches_s_red_target_3'====== Args={'value': 1, 'prev_value': None, 'change': True}
2025-09-13 15:43:27,126 : INFO : EventManager : Event: ======'machine_var_audits_switches_s_red_target_4'====== Args={'value': 1, 'prev_value': None, 'change': True}
2025-09-13 15:43:27,126 : INFO : EventManager : Event: ======'machine_var_audits_switches_s_red_target_5'====== Args={'value': 2, 'prev_value': None, 'change': True}
2025-09-13 15:43:27,126 : INFO : EventManager : Event: ======'machine_var_audits_switches_s_red_target_6'====== Args={'value': 1, 'prev_value': None, 'change': True}
2025-09-13 15:43:27,126 : INFO : EventManager : Event: ======'machine_var_audits_switches_s_scoop_1'====== Args={'value': 1, 'prev_value': None, 'change': True}
2025-09-13 15:43:27,126 : INFO : EventManager : Event: ======'machine_var_audits_switches_s_scoop_2'====== Args={'value': 1, 'prev_value': None, 'change': True}
2025-09-13 15:43:27,126 : INFO : EventManager : Event: ======'machine_var_audits_switches_s_scoop_3'====== Args={'value': 0, 'prev_value': None, 'change': True}
2025-09-13 15:43:27,126 : INFO : EventManager : Event: ======'machine_var_audits_switches_s_scoop_jam'====== Args={'value': 1, 'prev_value': None, 'change': True}
2025-09-13 15:43:27,126 : INFO : EventManager : Event: ======'machine_var_audits_switches_s_slingshot_left'====== Args={'value': 0, 'prev_value': None, 'change': True}
2025-09-13 15:43:27,126 : INFO : EventManager : Event: ======'machine_var_audits_switches_s_slingshot_right'====== Args={'value': 3, 'prev_value': None, 'change': True}
2025-09-13 15:43:27,126 : INFO : EventManager : Event: ======'machine_var_audits_switches_s_spinner_left'====== Args={'value': 1, 'prev_value': None, 'change': True}
2025-09-13 15:43:27,126 : INFO : EventManager : Event: ======'machine_var_audits_switches_s_spinner_right'====== Args={'value': 48, 'prev_value': None, 'change': True}
2025-09-13 15:43:27,126 : INFO : EventManager : Event: ======'machine_var_audits_switches_s_start'====== Args={'value': 13, 'prev_value': None, 'change': True}
2025-09-13 15:43:27,126 : INFO : EventManager : Event: ======'machine_var_audits_switches_s_temple_in'====== Args={'value': 1, 'prev_value': None, 'change': True}
2025-09-13 15:43:27,126 : INFO : EventManager : Event: ======'machine_var_audits_switches_s_temple_out'====== Args={'value': 1, 'prev_value': None, 'change': True}
2025-09-13 15:43:27,126 : INFO : EventManager : Event: ======'machine_var_audits_switches_s_trough_1'====== Args={'value': 65, 'prev_value': None, 'change': True}
2025-09-13 15:43:27,126 : INFO : EventManager : Event: ======'machine_var_audits_switches_s_trough_2'====== Args={'value': 2, 'prev_value': None, 'change': True}
2025-09-13 15:43:27,127 : INFO : EventManager : Event: ======'machine_var_audits_switches_s_trough_3'====== Args={'value': 4, 'prev_value': None, 'change': True}
2025-09-13 15:43:27,127 : INFO : EventManager : Event: ======'machine_var_audits_switches_s_trough_4'====== Args={'value': 1, 'prev_value': None, 'change': True}
2025-09-13 15:43:27,127 : INFO : EventManager : Event: ======'machine_var_audits_switches_s_trough_5'====== Args={'value': 0, 'prev_value': None, 'change': True}
2025-09-13 15:43:27,127 : INFO : EventManager : Event: ======'machine_var_audits_switches_s_trough_jam'====== Args={'value': 0, 'prev_value': None, 'change': True}
2025-09-13 15:43:27,127 : INFO : EventManager : Event: ======'init_phase_5'====== Args={}
2025-09-13 15:43:27,127 : INFO : EventManager : Event: ======'init_done'====== Args={}
2025-09-13 15:43:27,127 : INFO : EventManager : Event: ======'machine_reset_phase_1'====== Args={}
2025-09-13 15:43:27,134 : INFO : EventManager : Event: ======'machine_reset_phase_2'====== Args={}
2025-09-13 15:43:27,134 : INFO : EventManager : Event: ======'machine_reset_phase_3'====== Args={}
2025-09-13 15:43:27,135 : INFO : EventManager : Event: ======'reset_complete'====== Args={}
2025-09-13 15:43:27,135 : INFO : EventManager : Event: ======'mode_attract_will_start'====== Args={}
2025-09-13 15:43:27,135 : INFO : Timer.attract_carousel_timer : Starting Timer.
2025-09-13 15:43:27,135 : INFO : EventManager : Event: ======'timer_attract_carousel_timer_started'====== Args={'ticks': 0, 'ticks_remaining': 1}
2025-09-13 15:43:27,135 : INFO : EventManager : Event: ======'timer_attract_carousel_timer_tick'====== Args={'ticks': 0, 'ticks_remaining': 1}
2025-09-13 15:43:27,136 : INFO : EventManager : Event: ======'mode_attract_starting'====== Args={}
2025-09-13 15:43:27,136 : INFO : Mode.attract : Started. Priority: 10
2025-09-13 15:43:27,136 : INFO : EventManager : Event: ======'modes_active_modes_changed'====== Args={}
2025-09-13 15:43:27,136 : INFO : EventManager : Event: ======'mode_attract_started'====== Args={}
2025-09-13 15:43:27,137 : INFO : EventManager : Event: ======'collecting_balls_complete'====== Args={}
2025-09-13 15:43:27,137 : INFO : EventManager : Event: ======'item_highlighted'====== Args={'carousel': 'attract', 'direction': None, 'item': 'mpf_logo'}
2025-09-13 15:43:27,137 : INFO : EventManager : Event: ======'timer_attract_carousel_timer_tick'====== Args={'ticks': 0, 'ticks_remaining': 1}
2025-09-13 15:43:27,138 : INFO : Machine : Starting the main run loop with active modes: [<Mode.attract>]
2025-09-13 15:43:27,225 : INFO : EventManager : Event: ======'slide_attract_created'====== Args={'_from_bcp': True}
2025-09-13 15:43:27,227 : INFO : EventManager : Event: ======'slide__removed'====== Args={'_from_bcp': True}
2025-09-13 15:43:27,227 : INFO : EventManager : Event: ======'slide_attract_active'====== Args={'original_context': 'attract', 'original_calling_context': 'mode_attract_started', 'priority': 10.0, 'cmd': 'slides_play', '_from_bcp': True}
2025-09-13 15:43:31,872 : INFO : BcpServer : New client connected.
2025-09-13 15:43:37,420 : INFO : SwitchController : <<<<<<< 's_start' active >>>>>>>
2025-09-13 15:43:37,521 : INFO : SwitchController : <<<<<<< 's_start' inactive >>>>>>>
2025-09-13 15:43:37,521 : INFO : EventManager : Event: ======'request_to_start_game'====== Args={}
2025-09-13 15:43:37,522 : INFO : EventManager : Event: ======'game_start'====== Args={'buttons': [], 'hold_time': 0.10105619998648763}
2025-09-13 15:43:37,522 : INFO : EventManager : Event: ======'mode_game_will_start'====== Args={'buttons': [], 'hold_time': 0.10105619998648763}
2025-09-13 15:43:37,523 : INFO : EventManager : Event: ======'mode_game_starting'====== Args={'buttons': [], 'hold_time': 0.10105619998648763}
2025-09-13 15:43:37,523 : INFO : EventManager : Event: ======'mode_attract_will_stop'====== Args={}
2025-09-13 15:43:37,523 : INFO : EventManager : Event: ======'mode_attract_stopping'====== Args={}
2025-09-13 15:43:37,523 : INFO : Mode.attract : Stopped.
2025-09-13 15:43:37,524 : INFO : EventManager : Event: ======'modes_active_modes_changed'====== Args={}
2025-09-13 15:43:37,524 : INFO : EventManager : Event: ======'mode_attract_stopped'====== Args={}
2025-09-13 15:43:37,524 : INFO : EventManager : Event: ======'clear'====== Args={'key': 'attract'}
2025-09-13 15:43:37,524 : INFO : Timer.attract_carousel_timer : Stopping Timer
2025-09-13 15:43:37,524 : INFO : EventManager : Event: ======'timer_attract_carousel_timer_stopped'====== Args={'ticks': 0, 'ticks_remaining': 1}
2025-09-13 15:43:37,524 : INFO : Mode.game : Started. Priority: 20
2025-09-13 15:43:37,525 : INFO : EventManager : Event: ======'modes_active_modes_changed'====== Args={}
2025-09-13 15:43:37,525 : INFO : EventManager : Event: ======'mode_game_started'====== Args={'buttons': [], 'hold_time': 0.10105619998648763}
2025-09-13 15:43:37,526 : INFO : EventManager : Event: ======'game_will_start'====== Args={}
2025-09-13 15:43:37,526 : INFO : EventManager : Event: ======'game_starting'====== Args={'game': <Mode.game>}
2025-09-13 15:43:37,527 : DEBUG : Auditor : Enabling the Auditor
2025-09-13 15:43:37,527 : INFO : EventManager : Unordered handler for class <Auditor> on event game_ended with priority 1. Handlers: [RegisteredHandler(callback=<bound method Auditor.disable of <Auditor>>, priority=1, kwargs={}, key=UUID('fa7924f8-8ab1-4846-b011-1dbce7b3dc7c'), condition=None, blocking_facility=None), RegisteredHandler(callback=<bound method Auditor._save_audits of <Auditor>>, priority=1, kwargs={}, key=UUID('b6819bde-9f19-433f-831f-6dc8549b66ee'), condition=None, blocking_facility=None)]. The order of those handlers is not defined and they will be executed in random order. This might lead to race conditions and potential bugs.
2025-09-13 15:43:37,527 : INFO : EventManager : Event: ======'player_add_request'====== Args={}
2025-09-13 15:43:37,527 : INFO : EventManager : Event: ======'player_will_add'====== Args={'number': 1}
2025-09-13 15:43:37,528 : DEBUG : Player : Creating new player: Player 1. (player index '0')
2025-09-13 15:43:37,528 : DEBUG : Player : Setting 'bumpers_score' to: 1000, (prior: 0, change: 1000)
2025-09-13 15:43:37,528 : DEBUG : Player : Setting 'score' to: 0, (prior: 0, change: 0)
2025-09-13 15:43:37,528 : INFO : EventManager : Event: ======'player_adding'====== Args={'player': <Player 1>, 'number': 1}
2025-09-13 15:43:37,528 : INFO : EventManager : Event: ======'player_added'====== Args={'player': <Player 1>, 'num': 1}
2025-09-13 15:43:37,528 : INFO : Mode.game : Player added successfully. Total players: 1
2025-09-13 15:43:37,529 : INFO : EventManager : Event: ======'player_index'====== Args={'value': 0, 'prev_value': 0, 'change': 0, 'player_num': 1}
2025-09-13 15:43:37,529 : INFO : EventManager : Event: ======'player_number'====== Args={'value': 1, 'prev_value': 1, 'change': 0, 'player_num': 1}
2025-09-13 15:43:37,529 : INFO : EventManager : Event: ======'player_bumpers_score'====== Args={'value': 1000, 'prev_value': 1000, 'change': 0, 'player_num': 1}
2025-09-13 15:43:37,529 : INFO : EventManager : Event: ======'player_score'====== Args={'value': 0, 'prev_value': 0, 'change': 0, 'player_num': 1}
2025-09-13 15:43:37,530 : INFO : EventManager : Event: ======'game_started'====== Args={}
2025-09-13 15:43:37,531 : INFO : EventManager : Event: ======'player_turn_will_start'====== Args={'player': <Player 1>, 'number': 1}
2025-09-13 15:43:37,531 : INFO : EventManager : Event: ======'player_turn_starting'====== Args={'player': <Player 1>, 'number': 1}
2025-09-13 15:43:37,532 : DEBUG : Player : Setting 'ball' to: 1, (prior: 0, change: 1)
2025-09-13 15:43:37,532 : INFO : EventManager : Event: ======'player_ball'====== Args={'value': 1, 'prev_value': 0, 'change': 1, 'player_num': 1}
2025-09-13 15:43:37,532 : INFO : EventManager : Event: ======'player_turn_started'====== Args={'player': <Player 1>, 'number': 1}
2025-09-13 15:43:37,548 : INFO : EventManager : Event: ======'ball_will_start'====== Args={'player': 1, 'ball': 1, 'balls_remaining': 2, 'is_extra_ball': False}
2025-09-13 15:43:37,549 : INFO : EventManager : Event: ======'ball_starting'====== Args={'player': 1, 'ball': 1, 'balls_remaining': 2, 'is_extra_ball': False}
2025-09-13 15:43:37,549 : INFO : EventManager : Event: ======'mode_base_will_start'====== Args={'queue': <QueuedEvent>, 'player': 1, 'ball': 1, 'balls_remaining': 2, 'is_extra_ball': False}
2025-09-13 15:43:37,550 : DEBUG : Player : Setting 'shot_kickout_left_enabled' to: True, (prior: 0, change: 1)
2025-09-13 15:43:37,550 : INFO : EventManager : Event: ======'player_shot_kickout_left_enabled'====== Args={'value': True, 'prev_value': 0, 'change': 1, 'player_num': 1}
2025-09-13 15:43:37,551 : INFO : EventManager : Event: ======'mode_base_starting'====== Args={'queue': <QueuedEvent>, 'player': 1, 'ball': 1, 'balls_remaining': 2, 'is_extra_ball': False}
2025-09-13 15:43:37,551 : INFO : Mode.base : Started. Priority: 100
2025-09-13 15:43:37,552 : INFO : EventManager : Event: ======'modes_active_modes_changed'====== Args={}
2025-09-13 15:43:37,552 : INFO : EventManager : Event: ======'mode_base_started'====== Args={'queue': <QueuedEvent>, 'player': 1, 'ball': 1, 'balls_remaining': 2, 'is_extra_ball': False}
2025-09-13 15:43:37,552 : INFO : EventManager : Event: ======'start_mode_bumpers'====== Args={'priority': 0}
2025-09-13 15:43:37,552 : INFO : EventManager : Event: ======'start_mode_skillshot'====== Args={'priority': 0}
2025-09-13 15:43:37,552 : INFO : EventManager : Event: ======'start_mode_log'====== Args={'priority': 0}
2025-09-13 15:43:37,552 : INFO : EventManager : Event: ======'mode_bumpers_will_start'====== Args={'priority': 0}
2025-09-13 15:43:37,553 : DEBUG : Player : Setting 'shot_shot_bumper_left_enabled' to: True, (prior: 0, change: 1)
2025-09-13 15:43:37,553 : INFO : EventManager : Event: ======'player_shot_shot_bumper_left_enabled'====== Args={'value': True, 'prev_value': 0, 'change': 1, 'player_num': 1}
2025-09-13 15:43:37,553 : DEBUG : Player : Setting 'shot_shot_bumper_right_enabled' to: True, (prior: 0, change: 1)
2025-09-13 15:43:37,553 : INFO : EventManager : Event: ======'player_shot_shot_bumper_right_enabled'====== Args={'value': True, 'prev_value': 0, 'change': 1, 'player_num': 1}
2025-09-13 15:43:37,554 : DEBUG : Player : Setting 'shot_shot_bumper_bottom_enabled' to: True, (prior: 0, change: 1)
2025-09-13 15:43:37,554 : INFO : EventManager : Event: ======'player_shot_shot_bumper_bottom_enabled'====== Args={'value': True, 'prev_value': 0, 'change': 1, 'player_num': 1}
2025-09-13 15:43:37,554 : INFO : EventManager : Event: ======'bumpers_complete'====== Args={'state': 'unlit'}
2025-09-13 15:43:37,554 : INFO : EventManager : Event: ======'bumpers_unlit_complete'====== Args={}
2025-09-13 15:43:37,555 : INFO : EventManager : Event: ======'mode_bumpers_starting'====== Args={'priority': 0}
2025-09-13 15:43:37,555 : INFO : EventManager : Event: ======'mode_skillshot_will_start'====== Args={'priority': 0}
2025-09-13 15:43:37,555 : DEBUG : Player : Setting 'shot_skill_l_enabled' to: True, (prior: 0, change: 1)
2025-09-13 15:43:37,555 : INFO : EventManager : Event: ======'player_shot_skill_l_enabled'====== Args={'value': True, 'prev_value': 0, 'change': 1, 'player_num': 1}
2025-09-13 15:43:37,556 : DEBUG : Player : Setting 'shot_skill_r_enabled' to: True, (prior: 0, change: 1)
2025-09-13 15:43:37,556 : INFO : EventManager : Event: ======'player_shot_skill_r_enabled'====== Args={'value': True, 'prev_value': 0, 'change': 1, 'player_num': 1}
2025-09-13 15:43:37,556 : DEBUG : Player : Setting 'shot_super_skill_target_enabled' to: True, (prior: 0, change: 1)
2025-09-13 15:43:37,556 : INFO : EventManager : Event: ======'player_shot_super_skill_target_enabled'====== Args={'value': True, 'prev_value': 0, 'change': 1, 'player_num': 1}
2025-09-13 15:43:37,556 : INFO : EventManager : Event: ======'skillshots_complete'====== Args={'state': 'unlit'}
2025-09-13 15:43:37,557 : INFO : EventManager : Event: ======'skillshots_unlit_complete'====== Args={}
2025-09-13 15:43:37,557 : INFO : EventManager : Event: ======'super_skillshot_complete'====== Args={'state': 'unlit'}
2025-09-13 15:43:37,557 : INFO : EventManager : Event: ======'super_skillshot_unlit_complete'====== Args={}
2025-09-13 15:43:37,557 : DEBUG : Player : Setting 'skillshot_skillshots_timeout_tick' to: 0, (prior: 0, change: 0)
2025-09-13 15:43:37,557 : INFO : EventManager : Event: ======'player_skillshot_skillshots_timeout_tick'====== Args={'value': 0, 'prev_value': 0, 'change': 0, 'player_num': 1}
2025-09-13 15:43:37,558 : DEBUG : state_machine.skillshots_success : Starting state start
2025-09-13 15:43:37,559 : INFO : EventManager : Event: ======'mode_skillshot_starting'====== Args={'priority': 0}
2025-09-13 15:43:37,560 : INFO : EventManager : Event: ======'mode_log_will_start'====== Args={'priority': 0}
2025-09-13 15:43:37,560 : INFO : EventManager : Event: ======'mode_log_starting'====== Args={'priority': 0}
2025-09-13 15:43:37,560 : INFO : Mode.log : Started. Priority: 1000
2025-09-13 15:43:37,561 : INFO : EventManager : Event: ======'modes_active_modes_changed'====== Args={}
2025-09-13 15:43:37,561 : INFO : EventManager : Event: ======'mode_log_started'====== Args={'priority': 0}
2025-09-13 15:43:37,561 : INFO : Mode.skillshot : Started. Priority: 500
2025-09-13 15:43:37,561 : INFO : EventManager : Event: ======'modes_active_modes_changed'====== Args={}
2025-09-13 15:43:37,561 : INFO : EventManager : Event: ======'mode_skillshot_started'====== Args={'priority': 0}
2025-09-13 15:43:37,561 : DEBUG : Player : Setting 'shot_skill_l' to: 1, (prior: 0, change: 1)
2025-09-13 15:43:37,561 : INFO : EventManager : Event: ======'player_shot_skill_l'====== Args={'value': 1, 'prev_value': 0, 'change': 1, 'player_num': 1}
2025-09-13 15:43:37,562 : INFO : EventManager : Event: ======'enable_skill'====== Args={'priority': 0}
2025-09-13 15:43:37,562 : DEBUG : Player : Setting 'shot_super_skill_target_enabled' to: False, (prior: True, change: -1)
2025-09-13 15:43:37,562 : INFO : EventManager : Event: ======'player_shot_super_skill_target_enabled'====== Args={'value': False, 'prev_value': True, 'change': -1, 'player_num': 1}
2025-09-13 15:43:37,562 : INFO : Mode.bumpers : Started. Priority: 200
2025-09-13 15:43:37,562 : INFO : EventManager : Event: ======'modes_active_modes_changed'====== Args={}
2025-09-13 15:43:37,563 : INFO : EventManager : Event: ======'mode_bumpers_started'====== Args={'priority': 0}
2025-09-13 15:43:37,563 : INFO : EventManager : Event: ======'balls_in_play'====== Args={'balls': 1}
2025-09-13 15:43:37,563 : INFO : EventManager : Event: ======'ball_started'====== Args={'player': 1, 'ball': 1, 'balls_remaining': 2, 'is_extra_ball': False}
2025-09-13 15:43:37,565 : INFO : EventManager : Event: ======'single_player_ball_started'====== Args={}
2025-09-13 15:43:37,565 : INFO : EventManager : Event: ======'ball_start_target'====== Args={'target': 'playfield'}
2025-09-13 15:43:37,566 : INFO : ball_device.bd_trough : Setting up player-controlled eject. Balls: 1, Target: <playfield.playfield>, player_controlled_eject_event: None
2025-09-13 15:43:37,566 : INFO : ball_device.bd_trough : Adding 1 ball(s) to the eject_queue with target <playfield.playfield>.
2025-09-13 15:43:37,566 : DEBUG : ball_device.bd_plunger : Adding eject chain
2025-09-13 15:43:37,566 : INFO : EventManager : Event: ======'balldevice_balls_available'====== Args={}
2025-09-13 15:43:37,567 : DEBUG : ball_device.bd_plunger : Got eject request
2025-09-13 15:43:37,567 : DEBUG : ball_device.bd_plunger : BCH: Counting. New count: 0 Old count: 0
2025-09-13 15:43:37,567 : INFO : ball_device.bd_trough : State: waiting_for_target_ready
2025-09-13 15:43:37,567 : INFO : EventManager : Event: ======'balldevice_bd_trough_ball_eject_attempt'====== Args={'balls': 1, 'target': <ball_device.bd_plunger>, 'source': <ball_device.bd_trough>, 'mechanical_eject': False, 'num_attempts': 0}
2025-09-13 15:43:37,568 : INFO : ball_device.bd_plunger : State: waiting_for_ball
2025-09-13 15:43:37,568 : DEBUG : ball_device.bd_plunger : No ball found. Waiting for balls.
2025-09-13 15:43:37,568 : DEBUG : ball_device.bd_plunger : Ready to receive from <ball_device.bd_trough>. Free space 1 (Capacity: 1, Balls: 0), incoming_balls: 0
2025-09-13 15:43:37,568 : INFO : ball_device.bd_trough : State: ejecting
2025-09-13 15:43:37,569 : INFO : ball_device.bd_trough : Ejecting ball to <ball_device.bd_plunger>
2025-09-13 15:43:37,569 : INFO : EventManager : Event: ======'balldevice_bd_trough_ejecting_ball'====== Args={'balls': 1, 'target': <ball_device.bd_plunger>, 'source': <ball_device.bd_trough>, 'mechanical_eject': False, 'num_attempts': 0}
2025-09-13 15:43:37,570 : INFO : ball_device.bd_trough : Wait for ball to leave device
2025-09-13 15:43:37,570 : INFO : coil.c_trough_eject : Pulsing Driver for 10ms (1.0 pulse_power)
2025-09-13 15:43:37,570 : DEBUG : VirtualDriver.1-0-1 : Pulsing driver for 10ms
2025-09-13 15:43:37,579 : INFO : EventManager : Event: ======'slide_base_created'====== Args={'_from_bcp': True}
2025-09-13 15:43:37,579 : INFO : EventManager : Event: ======'slide_attract_inactive'====== Args={'is_removing': True, '_from_bcp': True}
2025-09-13 15:43:37,580 : INFO : EventManager : Event: ======'slide_base_active'====== Args={'original_context': 'base', 'original_calling_context': 'mode_base_started', 'priority': 100.0, 'queue': '<QueuedEvent>', 'player': 1.0, 'ball': 1.0, 'balls_remaining': 2.0, 'is_extra_ball': False, 'cmd': 'slides_play', '_from_bcp': True}
2025-09-13 15:43:37,580 : INFO : EventManager : Event: ======'slide_attract_removed'====== Args={'_from_bcp': True}
2025-09-13 15:43:37,587 : INFO : EventManager : Event: ======'slide_log_created'====== Args={'_from_bcp': True}
2025-09-13 15:43:37,588 : INFO : EventManager : Event: ======'slide_base_inactive'====== Args={'is_removing': False, '_from_bcp': True}
2025-09-13 15:43:37,588 : INFO : EventManager : Event: ======'slide_log_active'====== Args={'original_context': 'log', 'original_calling_context': 'mode_log_started', 'priority': 1000.0, 'cmd': 'slides_play', '_from_bcp': True}
2025-09-13 15:43:37,598 : INFO : EventManager : Event: ======'slide_bumpers_created'====== Args={'_from_bcp': True}
2025-09-13 15:43:39,219 : INFO : SwitchController : <<<<<<< 's_trough_1' inactive >>>>>>>
2025-09-13 15:43:39,219 : INFO : ball_device.bd_trough : State: ball_left
2025-09-13 15:43:39,220 : INFO : ball_device.bd_trough : Ball left
2025-09-13 15:43:39,220 : DEBUG : ball_device.bd_plunger : Adding incoming ball from <ball_device.bd_trough>
2025-09-13 15:43:39,220 : INFO : ball_device.bd_trough : Wait for confirm with timeout 10.0
2025-09-13 15:43:40,522 : INFO : SwitchController : <<<<<<< 's_plunger_lane' active >>>>>>>
2025-09-13 15:43:40,522 : INFO : EventManager : Event: ======'machine_var_audits_switches_s_plunger_lane'====== Args={'value': 309, 'prev_value': 308, 'change': 1}
2025-09-13 15:43:41,036 : DEBUG : ball_device.bd_plunger : SC: Counted 1 balls. Active switches: [<switch.s_plunger_lane>]. Old: 0
2025-09-13 15:43:41,036 : DEBUG : ball_device.bd_plunger : SC: New count 1 last: 0
2025-09-13 15:43:41,036 : DEBUG : ball_device.bd_plunger : SC: Updating count to 1
2025-09-13 15:43:41,036 : DEBUG : ball_device.bd_plunger : BCH: Found 1 new balls
2025-09-13 15:43:41,037 : INFO : ball_device.bd_plunger : Received ball from <ball_device.bd_trough>
2025-09-13 15:43:41,037 : DEBUG : ball_device.bd_plunger : Removing incoming ball from <ball_device.bd_trough>
2025-09-13 15:43:41,037 : DEBUG : ball_device.bd_plunger : Processing new ball
2025-09-13 15:43:41,037 : INFO : EventManager : Event: ======'balldevice_bd_plunger_ball_enter'====== Args={'new_balls': 1, 'unclaimed_balls': 0, 'new_available_balls': 0, 'device': <ball_device.bd_plunger>}
2025-09-13 15:43:41,037 : DEBUG : ball_device.bd_plunger : BCH: Counting. New count: 1 Old count: 1
2025-09-13 15:43:41,038 : DEBUG : ball_device.bd_plunger : Adding ball
2025-09-13 15:43:41,038 : INFO : EventManager : Event: ======'balldevice_bd_plunger_ball_entered'====== Args={'new_balls': 0, 'device': <ball_device.bd_plunger>}
2025-09-13 15:43:41,038 : INFO : EventManager : Event: ======'balldevice_bd_plunger_ball_count_changed'====== Args={'balls': 1}
2025-09-13 15:43:41,038 : DEBUG : ball_device.bd_plunger : A ball arrived. Progressing.
2025-09-13 15:43:41,039 : INFO : ball_device.bd_trough : Got eject confirm
2025-09-13 15:43:41,039 : INFO : ball_device.bd_trough : Eject successful
2025-09-13 15:43:41,039 : INFO : EventManager : Event: ======'balldevice_bd_trough_ball_eject_success'====== Args={'balls': 1, 'target': <ball_device.bd_plunger>}
2025-09-13 15:43:41,039 : INFO : EventManager : Event: ======'balldevice_bd_trough_ball_count_changed'====== Args={'balls': 2}
2025-09-13 15:43:41,039 : INFO : ball_device.bd_trough : State: idle
2025-09-13 15:43:41,040 : INFO : ball_device.bd_plunger : State: waiting_for_target_ready
2025-09-13 15:43:41,040 : INFO : EventManager : Event: ======'balldevice_bd_plunger_ball_eject_attempt'====== Args={'balls': 1, 'target': <playfield.playfield>, 'source': <ball_device.bd_plunger>, 'mechanical_eject': False, 'num_attempts': 0}
2025-09-13 15:43:41,041 : INFO : ball_device.bd_plunger : State: ejecting
2025-09-13 15:43:41,042 : INFO : ball_device.bd_plunger : Ejecting ball to <playfield.playfield>
2025-09-13 15:43:41,042 : INFO : EventManager : Event: ======'balldevice_bd_plunger_ejecting_ball'====== Args={'balls': 1, 'target': <playfield.playfield>, 'source': <ball_device.bd_plunger>, 'mechanical_eject': False, 'num_attempts': 0}
2025-09-13 15:43:41,043 : DEBUG : ball_device.bd_plunger : Entered eject mode.
2025-09-13 15:43:41,043 : INFO : ball_device.bd_plunger : Wait for ball to leave device
2025-09-13 15:43:41,043 : INFO : coil.c_plunger : Pulsing Driver for 25ms (1.0 pulse_power)
2025-09-13 15:43:41,043 : DEBUG : VirtualDriver.0-0-0 : Pulsing driver for 25ms
2025-09-13 15:43:41,043 : DEBUG : ball_device.bd_plunger : Firing eject coil. Current balls: 1.
2025-09-13 15:43:51,049 : DEBUG : ball_device.bd_plunger : Exited eject mode. Eject success: False
2025-09-13 15:43:51,049 : INFO : EventManager : Event: ======'balldevice_bd_plunger_ball_eject_failed'====== Args={'target': <playfield.playfield>, 'balls': 1, 'retry': True, 'num_attempts': 1}
2025-09-13 15:43:51,050 : DEBUG : ball_device.bd_plunger : BCH: Counting. New count: 1 Old count: 1
2025-09-13 15:43:51,050 : DEBUG : ball_device.bd_plunger : BCH: Counting. New count: 1 Old count: 1
2025-09-13 15:43:51,050 : INFO : ball_device.bd_plunger : State: waiting_for_target_ready
2025-09-13 15:43:51,051 : INFO : EventManager : Event: ======'balldevice_bd_plunger_ball_eject_attempt'====== Args={'balls': 1, 'target': <playfield.playfield>, 'source': <ball_device.bd_plunger>, 'mechanical_eject': False, 'num_attempts': 1}
2025-09-13 15:43:51,052 : INFO : ball_device.bd_plunger : State: ejecting
2025-09-13 15:43:51,052 : INFO : ball_device.bd_plunger : Ejecting ball to <playfield.playfield>
2025-09-13 15:43:51,052 : INFO : EventManager : Event: ======'balldevice_bd_plunger_ejecting_ball'====== Args={'balls': 1, 'target': <playfield.playfield>, 'source': <ball_device.bd_plunger>, 'mechanical_eject': False, 'num_attempts': 1}
2025-09-13 15:43:51,053 : DEBUG : ball_device.bd_plunger : Entered eject mode.
2025-09-13 15:43:51,053 : INFO : ball_device.bd_plunger : Wait for ball to leave device
2025-09-13 15:43:51,053 : INFO : coil.c_plunger : Pulsing Driver for 25ms (1.0 pulse_power)
2025-09-13 15:43:51,053 : DEBUG : VirtualDriver.0-0-0 : Pulsing driver for 25ms
2025-09-13 15:43:51,053 : DEBUG : ball_device.bd_plunger : Firing eject coil. Current balls: 1.
2025-09-13 15:44:01,060 : DEBUG : ball_device.bd_plunger : Exited eject mode. Eject success: False
2025-09-13 15:44:01,060 : INFO : EventManager : Event: ======'balldevice_bd_plunger_ball_eject_failed'====== Args={'target': <playfield.playfield>, 'balls': 1, 'retry': True, 'num_attempts': 2}
2025-09-13 15:44:01,061 : DEBUG : ball_device.bd_plunger : BCH: Counting. New count: 1 Old count: 1
2025-09-13 15:44:01,061 : DEBUG : ball_device.bd_plunger : BCH: Counting. New count: 1 Old count: 1
2025-09-13 15:44:01,061 : INFO : ball_device.bd_plunger : State: waiting_for_target_ready
2025-09-13 15:44:01,062 : INFO : EventManager : Event: ======'balldevice_bd_plunger_ball_eject_attempt'====== Args={'balls': 1, 'target': <playfield.playfield>, 'source': <ball_device.bd_plunger>, 'mechanical_eject': False, 'num_attempts': 2}
2025-09-13 15:44:01,063 : INFO : ball_device.bd_plunger : State: ejecting
2025-09-13 15:44:01,063 : INFO : ball_device.bd_plunger : Ejecting ball to <playfield.playfield>
2025-09-13 15:44:01,063 : INFO : EventManager : Event: ======'balldevice_bd_plunger_ejecting_ball'====== Args={'balls': 1, 'target': <playfield.playfield>, 'source': <ball_device.bd_plunger>, 'mechanical_eject': False, 'num_attempts': 2}
2025-09-13 15:44:01,064 : DEBUG : ball_device.bd_plunger : Entered eject mode.
2025-09-13 15:44:01,064 : INFO : ball_device.bd_plunger : Wait for ball to leave device
2025-09-13 15:44:01,064 : INFO : coil.c_plunger : Pulsing Driver for 25ms (1.0 pulse_power)
2025-09-13 15:44:01,064 : DEBUG : VirtualDriver.0-0-0 : Pulsing driver for 25ms
2025-09-13 15:44:01,065 : DEBUG : ball_device.bd_plunger : Firing eject coil. Current balls: 1.
2025-09-13 15:44:05,996 : INFO : Machine : Shutting down...
2025-09-13 15:44:05,996 : INFO : EventManager : Event: ======'shutdown'====== Args={}
2025-09-13 15:44:05,997 : DEBUG : ball_device.bd_plunger : Stopping ball device
2025-09-13 15:44:05,998 : INFO : EventManager : Event: ======'mode_game_will_stop'====== Args={}
2025-09-13 15:44:05,998 : INFO : EventManager : Event: ======'mode_game_stopping'====== Args={}
2025-09-13 15:44:05,998 : INFO : EventManager : Event: ======'mode_bumpers_will_stop'====== Args={}
2025-09-13 15:44:05,998 : INFO : EventManager : Event: ======'mode_bumpers_stopping'====== Args={}
2025-09-13 15:44:05,999 : INFO : EventManager : Event: ======'mode_log_will_stop'====== Args={}
2025-09-13 15:44:05,999 : INFO : EventManager : Event: ======'mode_log_stopping'====== Args={}
2025-09-13 15:44:05,999 : INFO : EventManager : Event: ======'mode_skillshot_will_stop'====== Args={}
2025-09-13 15:44:05,999 : INFO : EventManager : Event: ======'mode_skillshot_stopping'====== Args={}
2025-09-13 15:44:05,999 : INFO : EventManager : Event: ======'mode_base_will_stop'====== Args={}
2025-09-13 15:44:05,999 : INFO : EventManager : Event: ======'mode_base_stopping'====== Args={}
2025-09-13 15:44:05,999 : INFO : EventManager : Event: ======'stop_mode_bumpers'====== Args={'priority': 0}
2025-09-13 15:44:05,999 : INFO : EventManager : Event: ======'stop_mode_skillshot'====== Args={'priority': 0}
2025-09-13 15:44:05,999 : INFO : EventManager : Event: ======'stop_mode_log'====== Args={'priority': 0}
2025-09-13 15:44:05,999 : INFO : Mode.base : Stopped.
2025-09-13 15:44:05,999 : INFO : EventManager : Event: ======'modes_active_modes_changed'====== Args={}
2025-09-13 15:44:05,999 : INFO : EventManager : Event: ======'mode_base_stopped'====== Args={}
2025-09-13 15:44:06,000 : INFO : EventManager : Event: ======'clear'====== Args={'key': 'base'}
2025-09-13 15:44:06,000 : INFO : Mode.skillshot : Stopped.
2025-09-13 15:44:06,000 : INFO : EventManager : Event: ======'modes_active_modes_changed'====== Args={}
2025-09-13 15:44:06,000 : INFO : EventManager : Event: ======'mode_skillshot_stopped'====== Args={}
2025-09-13 15:44:06,000 : INFO : EventManager : Event: ======'clear'====== Args={'key': 'skillshot'}
2025-09-13 15:44:06,000 : INFO : Timer.skillshots_timeout : Stopping Timer
2025-09-13 15:44:06,000 : INFO : EventManager : Event: ======'timer_skillshots_timeout_stopped'====== Args={'ticks': 0, 'ticks_remaining': 0}
2025-09-13 15:44:06,001 : INFO : Mode.log : Stopped.
2025-09-13 15:44:06,001 : INFO : EventManager : Event: ======'modes_active_modes_changed'====== Args={}
2025-09-13 15:44:06,001 : INFO : EventManager : Event: ======'mode_log_stopped'====== Args={}
2025-09-13 15:44:06,001 : INFO : EventManager : Event: ======'clear'====== Args={'key': 'log'}
2025-09-13 15:44:06,001 : INFO : Mode.bumpers : Stopped.
2025-09-13 15:44:06,001 : INFO : EventManager : Event: ======'modes_active_modes_changed'====== Args={}
2025-09-13 15:44:06,001 : INFO : EventManager : Event: ======'mode_bumpers_stopped'====== Args={}
2025-09-13 15:44:06,001 : INFO : EventManager : Event: ======'clear'====== Args={'key': 'bumpers'}
2025-09-13 15:44:06,002 : INFO : Mode.game : Stopped.
2025-09-13 15:44:06,002 : INFO : EventManager : Event: ======'modes_active_modes_changed'====== Args={}
2025-09-13 15:44:06,002 : INFO : EventManager : Event: ======'mode_game_stopped'====== Args={}
2025-09-13 15:44:06,002 : INFO : EventManager : Event: ======'clear'====== Args={'key': 'game'}
2025-09-13 15:44:06,028 : INFO : root : MPF run loop ended.
